-------------------------------------------------------------------------------
Test set: tests.Tests
-------------------------------------------------------------------------------
Tests run: 6, Failures: 1, Errors: 0, Skipped: 0, Time elapsed: 34.4 s <<< FAILURE! - in tests.Tests
inputFormCalculation  Time elapsed: 1.856 s  <<< FAILURE!
org.opentest4j.AssertionFailedError: expected: <32> but was: <71>
	at tests.Tests.inputFormCalculation(Tests.java:110)

